<?xml version="1.0" encoding="UTF-8"?>
<!-- Generated by org.testng.reporters.JUnitReportReporter -->
<testsuite hostname="Tanmoys-Mac-mini.local" name="BaseClass.Setup" tests="1" failures="0" timestamp="28 Jul 2016 10:56:04 GMT" time="26.193" errors="0">
  <testcase name="Signup" time="26.193" classname="BaseClass.Setup"/>
</testsuite> <!-- BaseClass.Setup -->
